# JRE version: Java(TM) SE Runtime Environment (8.0_202-b08) (build 1.8.0_202-b08)
# Java VM: Java HotSpot(TM) 64-Bit Server VM (25.202-b08 mixed mode windows-amd64 compressed oops)
Heap:
 PSYoungGen      total 205824K, used 28718K [0x000000076b180000, 0x0000000778880000, 0x00000007c0000000)
  eden space 197632K, 14% used [0x000000076b180000,0x000000076cd8bbf0,0x0000000777280000)
  from space 8192K, 0% used [0x0000000778080000,0x0000000778080000,0x0000000778880000)
  to   space 9728K, 0% used [0x0000000777580000,0x0000000777580000,0x0000000777f00000)
 ParOldGen       total 153088K, used 12615K [0x00000006c1400000, 0x00000006ca980000, 0x000000076b180000)
  object space 153088K, 8% used [0x00000006c1400000,0x00000006c2051ce0,0x00000006ca980000)
 Metaspace       used 35105K, capacity 36220K, committed 36312K, reserved 1081344K
  class space    used 4763K, capacity 5001K, committed 5080K, reserved 1048576K
GC Heap History (10 events):
Event: 2.700 GC heap before
{Heap before GC invocations=4 (full 0):
 PSYoungGen      total 76288K, used 44589K [0x000000076b180000, 0x0000000774680000, 0x00000007c0000000)
  eden space 65536K, 56% used [0x000000076b180000,0x000000076d5d8200,0x000000076f180000)
  from space 10752K, 68% used [0x000000076f180000,0x000000076f8b33e0,0x000000076fc00000)
  to   space 10752K, 0% used [0x0000000773c00000,0x0000000773c00000,0x0000000774680000)
 ParOldGen       total 175104K, used 32K [0x00000006c1400000, 0x00000006cbf00000, 0x000000076b180000)
  object space 175104K, 0% used [0x00000006c1400000,0x00000006c1408000,0x00000006cbf00000)
 Metaspace       used 20621K, capacity 21160K, committed 21248K, reserved 1067008K
  class space    used 2561K, capacity 2728K, committed 2816K, reserved 1048576K
Event: 2.708 GC heap after
Heap after GC invocations=4 (full 0):
 PSYoungGen      total 141824K, used 7000K [0x000000076b180000, 0x0000000774680000, 0x00000007c0000000)
  eden space 131072K, 0% used [0x000000076b180000,0x000000076b180000,0x0000000773180000)
  from space 10752K, 65% used [0x0000000773c00000,0x00000007742d6008,0x0000000774680000)
  to   space 10752K, 0% used [0x0000000773180000,0x0000000773180000,0x0000000773c00000)
 ParOldGen       total 175104K, used 40K [0x00000006c1400000, 0x00000006cbf00000, 0x000000076b180000)
  object space 175104K, 0% used [0x00000006c1400000,0x00000006c140a000,0x00000006cbf00000)
 Metaspace       used 20621K, capacity 21160K, committed 21248K, reserved 1067008K
  class space    used 2561K, capacity 2728K, committed 2816K, reserved 1048576K
}
Event: 2.708 GC heap before
{Heap before GC invocations=5 (full 1):
 PSYoungGen      total 141824K, used 7000K [0x000000076b180000, 0x0000000774680000, 0x00000007c0000000)
  eden space 131072K, 0% used [0x000000076b180000,0x000000076b180000,0x0000000773180000)
  from space 10752K, 65% used [0x0000000773c00000,0x00000007742d6008,0x0000000774680000)
  to   space 10752K, 0% used [0x0000000773180000,0x0000000773180000,0x0000000773c00000)
 ParOldGen       total 175104K, used 40K [0x00000006c1400000, 0x00000006cbf00000, 0x000000076b180000)
  object space 175104K, 0% used [0x00000006c1400000,0x00000006c140a000,0x00000006cbf00000)
 Metaspace       used 20621K, capacity 21160K, committed 21248K, reserved 1067008K
  class space    used 2561K, capacity 2728K, committed 2816K, reserved 1048576K
Event: 2.743 GC heap after
Heap after GC invocations=5 (full 1):
 PSYoungGen      total 141824K, used 0K [0x000000076b180000, 0x0000000774680000, 0x00000007c0000000)
  eden space 131072K, 0% used [0x000000076b180000,0x000000076b180000,0x0000000773180000)
  from space 10752K, 0% used [0x0000000773c00000,0x0000000773c00000,0x0000000774680000)
  to   space 10752K, 0% used [0x0000000773180000,0x0000000773180000,0x0000000773c00000)
 ParOldGen       total 99840K, used 6755K [0x00000006c1400000, 0x00000006c7580000, 0x000000076b180000)
  object space 99840K, 6% used [0x00000006c1400000,0x00000006c1a98cd0,0x00000006c7580000)
 Metaspace       used 20621K, capacity 21160K, committed 21248K, reserved 1067008K
  class space    used 2561K, capacity 2728K, committed 2816K, reserved 1048576K
}
Event: 4.388 GC heap before
{Heap before GC invocations=6 (full 1):
 PSYoungGen      total 141824K, used 131072K [0x000000076b180000, 0x0000000774680000, 0x00000007c0000000)
  eden space 131072K, 100% used [0x000000076b180000,0x0000000773180000,0x0000000773180000)
  from space 10752K, 0% used [0x0000000773c00000,0x0000000773c00000,0x0000000774680000)
  to   space 10752K, 0% used [0x0000000773180000,0x0000000773180000,0x0000000773c00000)
 ParOldGen       total 99840K, used 6755K [0x00000006c1400000, 0x00000006c7580000, 0x000000076b180000)
  object space 99840K, 6% used [0x00000006c1400000,0x00000006c1a98cd0,0x00000006c7580000)
 Metaspace       used 30133K, capacity 31140K, committed 31232K, reserved 1077248K
  class space    used 3841K, capacity 4068K, committed 4096K, reserved 1048576K
Event: 4.398 GC heap after
Heap after GC invocations=6 (full 1):
 PSYoungGen      total 141824K, used 8254K [0x000000076b180000, 0x0000000778980000, 0x00000007c0000000)
  eden space 131072K, 0% used [0x000000076b180000,0x000000076b180000,0x0000000773180000)
  from space 10752K, 76% used [0x0000000773180000,0x000000077398f8c8,0x0000000773c00000)
  to   space 9216K, 0% used [0x0000000778080000,0x0000000778080000,0x0000000778980000)
 ParOldGen       total 99840K, used 6827K [0x00000006c1400000, 0x00000006c7580000, 0x000000076b180000)
  object space 99840K, 6% used [0x00000006c1400000,0x00000006c1aaace0,0x00000006c7580000)
 Metaspace       used 30133K, capacity 31140K, committed 31232K, reserved 1077248K
  class space    used 3841K, capacity 4068K, committed 4096K, reserved 1048576K
}
Event: 6.447 GC heap before
{Heap before GC invocations=7 (full 1):
 PSYoungGen      total 141824K, used 123248K [0x000000076b180000, 0x0000000778980000, 0x00000007c0000000)
  eden space 131072K, 87% used [0x000000076b180000,0x00000007721cca70,0x0000000773180000)
  from space 10752K, 76% used [0x0000000773180000,0x000000077398f8c8,0x0000000773c00000)
  to   space 9216K, 0% used [0x0000000778080000,0x0000000778080000,0x0000000778980000)
 ParOldGen       total 99840K, used 6827K [0x00000006c1400000, 0x00000006c7580000, 0x000000076b180000)
  object space 99840K, 6% used [0x00000006c1400000,0x00000006c1aaace0,0x00000006c7580000)
 Metaspace       used 34323K, capacity 35342K, committed 35416K, reserved 1079296K
  class space    used 4642K, capacity 4882K, committed 4952K, reserved 1048576K
Event: 6.460 GC heap after
Heap after GC invocations=7 (full 1):
 PSYoungGen      total 205824K, used 8042K [0x000000076b180000, 0x0000000778880000, 0x00000007c0000000)
  eden space 197632K, 0% used [0x000000076b180000,0x000000076b180000,0x0000000777280000)
  from space 8192K, 98% used [0x0000000778080000,0x000000077885a818,0x0000000778880000)
  to   space 9728K, 0% used [0x0000000777580000,0x0000000777580000,0x0000000777f00000)
 ParOldGen       total 99840K, used 6835K [0x00000006c1400000, 0x00000006c7580000, 0x000000076b180000)
  object space 99840K, 6% used [0x00000006c1400000,0x00000006c1aacce0,0x00000006c7580000)
 Metaspace       used 34323K, capacity 35342K, committed 35416K, reserved 1079296K
  class space    used 4642K, capacity 4882K, committed 4952K, reserved 1048576K
}
Event: 6.460 GC heap before
{Heap before GC invocations=8 (full 2):
 PSYoungGen      total 205824K, used 8042K [0x000000076b180000, 0x0000000778880000, 0x00000007c0000000)
  eden space 197632K, 0% used [0x000000076b180000,0x000000076b180000,0x0000000777280000)
  from space 8192K, 98% used [0x0000000778080000,0x000000077885a818,0x0000000778880000)
  to   space 9728K, 0% used [0x0000000777580000,0x0000000777580000,0x0000000777f00000)
 ParOldGen       total 99840K, used 6835K [0x00000006c1400000, 0x00000006c7580000, 0x000000076b180000)
  object space 99840K, 6% used [0x00000006c1400000,0x00000006c1aacce0,0x00000006c7580000)
 Metaspace       used 34323K, capacity 35342K, committed 35416K, reserved 1079296K
  class space    used 4642K, capacity 4882K, committed 4952K, reserved 1048576K
Event: 6.514 GC heap after
Heap after GC invocations=8 (full 2):
 PSYoungGen      total 205824K, used 0K [0x000000076b180000, 0x0000000778880000, 0x00000007c0000000)
  eden space 197632K, 0% used [0x000000076b180000,0x000000076b180000,0x0000000777280000)
  from space 8192K, 0% used [0x0000000778080000,0x0000000778080000,0x0000000778880000)
  to   space 9728K, 0% used [0x0000000777580000,0x0000000777580000,0x0000000777f00000)
 ParOldGen       total 153088K, used 12615K [0x00000006c1400000, 0x00000006ca980000, 0x000000076b180000)
  object space 153088K, 8% used [0x00000006c1400000,0x00000006c2051ce0,0x00000006ca980000)
 Metaspace       used 34323K, capacity 35342K, committed 35416K, reserved 1079296K
  class space    used 4642K, capacity 4882K, committed 4952K, reserved 1048576K
}

